{
  "stats": {
    "suites": 14,
    "tests": 17,
    "passes": 16,
    "pending": 0,
    "failures": 1,
    "start": "2021-06-08T04:20:41.537Z",
    "end": "2021-06-08T04:20:50.503Z",
    "duration": 8966,
    "testsRegistered": 17,
    "passPercent": 94.11764705882352,
    "pendingPercent": 0,
    "other": 0,
    "hasOther": false,
    "skipped": 0,
    "hasSkipped": false
  },
  "results": [
    {
      "uuid": "856b7243-b04a-45d5-b531-064f84e85003",
      "title": "",
      "fullFile": "",
      "file": "",
      "beforeHooks": [],
      "afterHooks": [],
      "tests": [],
      "suites": [
        {
          "uuid": "1f88fef6-0d23-4c3a-a915-59c98c445ae3",
          "title": "POSTS ",
          "fullFile": "E:\\Frameworks\\JS-API-Testing\\test\\posts advance.js",
          "file": "\\test\\posts advance.js",
          "beforeHooks": [
            {
              "title": "\"before all\" hook in \"POSTS \"",
              "fullTitle": "POSTS  \"before all\" hook in \"POSTS \"",
              "timedOut": false,
              "duration": 619,
              "state": null,
              "speed": null,
              "pass": false,
              "fail": false,
              "pending": false,
              "context": null,
              "code": "var self = this,\n    args = arguments;\nreturn new Promise(function (resolve, reject) {\n  var gen = fn.apply(self, args);\n  function _next(value) {\n    asyncGeneratorStep(gen, resolve, reject, _next, _throw, \"next\", value);\n  }\n  function _throw(err) {\n    asyncGeneratorStep(gen, resolve, reject, _next, _throw, \"throw\", err);\n  }\n  _next(undefined);\n});",
              "err": {},
              "uuid": "7812acd0-0a5c-4dde-837c-af75c62d161c",
              "parentUUID": "1f88fef6-0d23-4c3a-a915-59c98c445ae3",
              "isHook": true,
              "skipped": false
            }
          ],
          "afterHooks": [],
          "tests": [],
          "suites": [
            {
              "uuid": "9bfe2ea4-6ebb-442b-a24b-00a46b595858",
              "title": "POST Test",
              "fullFile": "E:\\Frameworks\\JS-API-Testing\\test\\posts advance.js",
              "file": "\\test\\posts advance.js",
              "beforeHooks": [],
              "afterHooks": [],
              "tests": [
                {
                  "title": "/posts",
                  "fullTitle": "POSTS  POST Test /posts",
                  "timedOut": false,
                  "duration": 480,
                  "state": "passed",
                  "speed": "slow",
                  "pass": true,
                  "fail": false,
                  "pending": false,
                  "context": null,
                  "code": "var self = this,\n    args = arguments;\nreturn new Promise(function (resolve, reject) {\n  var gen = fn.apply(self, args);\n  function _next(value) {\n    asyncGeneratorStep(gen, resolve, reject, _next, _throw, \"next\", value);\n  }\n  function _throw(err) {\n    asyncGeneratorStep(gen, resolve, reject, _next, _throw, \"throw\", err);\n  }\n  _next(undefined);\n});",
                  "err": {},
                  "uuid": "c05ecbcf-f7ea-4a87-b106-bd9d78fa91ce",
                  "parentUUID": "9bfe2ea4-6ebb-442b-a24b-00a46b595858",
                  "isHook": false,
                  "skipped": false
                }
              ],
              "suites": [],
              "passes": [
                "c05ecbcf-f7ea-4a87-b106-bd9d78fa91ce"
              ],
              "failures": [],
              "pending": [],
              "skipped": [],
              "duration": 480,
              "root": false,
              "rootEmpty": false,
              "_timeout": 5000
            },
            {
              "uuid": "1e15edd0-00c9-4b7f-8330-2d02c003c8be",
              "title": "POST Test async",
              "fullFile": "E:\\Frameworks\\JS-API-Testing\\test\\posts advance.js",
              "file": "\\test\\posts advance.js",
              "beforeHooks": [],
              "afterHooks": [],
              "tests": [
                {
                  "title": "/posts",
                  "fullTitle": "POSTS  POST Test async /posts",
                  "timedOut": false,
                  "duration": 417,
                  "state": "passed",
                  "speed": "slow",
                  "pass": true,
                  "fail": false,
                  "pending": false,
                  "context": null,
                  "code": "var self = this,\n    args = arguments;\nreturn new Promise(function (resolve, reject) {\n  var gen = fn.apply(self, args);\n  function _next(value) {\n    asyncGeneratorStep(gen, resolve, reject, _next, _throw, \"next\", value);\n  }\n  function _throw(err) {\n    asyncGeneratorStep(gen, resolve, reject, _next, _throw, \"throw\", err);\n  }\n  _next(undefined);\n});",
                  "err": {},
                  "uuid": "0b64cea6-c6d8-4d5b-bd2a-35a7eec06f05",
                  "parentUUID": "1e15edd0-00c9-4b7f-8330-2d02c003c8be",
                  "isHook": false,
                  "skipped": false
                }
              ],
              "suites": [],
              "passes": [
                "0b64cea6-c6d8-4d5b-bd2a-35a7eec06f05"
              ],
              "failures": [],
              "pending": [],
              "skipped": [],
              "duration": 417,
              "root": false,
              "rootEmpty": false,
              "_timeout": 5000
            },
            {
              "uuid": "75d53121-a23a-4891-8cf6-597a8759769f",
              "title": "GET POSTS DATA USING POST ID",
              "fullFile": "E:\\Frameworks\\JS-API-Testing\\test\\posts advance.js",
              "file": "\\test\\posts advance.js",
              "beforeHooks": [],
              "afterHooks": [],
              "tests": [
                {
                  "title": "GET /posts/:id",
                  "fullTitle": "POSTS  GET POSTS DATA USING POST ID GET /posts/:id",
                  "timedOut": false,
                  "duration": 417,
                  "state": "passed",
                  "speed": "slow",
                  "pass": true,
                  "fail": false,
                  "pending": false,
                  "context": null,
                  "code": "var self = this,\n    args = arguments;\nreturn new Promise(function (resolve, reject) {\n  var gen = fn.apply(self, args);\n  function _next(value) {\n    asyncGeneratorStep(gen, resolve, reject, _next, _throw, \"next\", value);\n  }\n  function _throw(err) {\n    asyncGeneratorStep(gen, resolve, reject, _next, _throw, \"throw\", err);\n  }\n  _next(undefined);\n});",
                  "err": {},
                  "uuid": "33b5948e-8d64-4d05-a61e-50f32e5b7909",
                  "parentUUID": "75d53121-a23a-4891-8cf6-597a8759769f",
                  "isHook": false,
                  "skipped": false
                }
              ],
              "suites": [],
              "passes": [
                "33b5948e-8d64-4d05-a61e-50f32e5b7909"
              ],
              "failures": [],
              "pending": [],
              "skipped": [],
              "duration": 417,
              "root": false,
              "rootEmpty": false,
              "_timeout": 5000
            }
          ],
          "passes": [],
          "failures": [],
          "pending": [],
          "skipped": [],
          "duration": 0,
          "root": false,
          "rootEmpty": false,
          "_timeout": 5000
        },
        {
          "uuid": "50948236-3ce1-4970-bfdf-a4e99a9af300",
          "title": "POSTS ",
          "fullFile": "E:\\Frameworks\\JS-API-Testing\\test\\posts.js",
          "file": "\\test\\posts.js",
          "beforeHooks": [],
          "afterHooks": [],
          "tests": [],
          "suites": [
            {
              "uuid": "1e908c9d-a776-4c47-9231-22365ac21dae",
              "title": "POST Test",
              "fullFile": "E:\\Frameworks\\JS-API-Testing\\test\\posts.js",
              "file": "\\test\\posts.js",
              "beforeHooks": [],
              "afterHooks": [],
              "tests": [
                {
                  "title": "/posts",
                  "fullTitle": "POSTS  POST Test /posts",
                  "timedOut": false,
                  "duration": 1001,
                  "state": "passed",
                  "speed": "slow",
                  "pass": true,
                  "fail": false,
                  "pending": false,
                  "context": null,
                  "code": "var self = this,\n    args = arguments;\nreturn new Promise(function (resolve, reject) {\n  var gen = fn.apply(self, args);\n  function _next(value) {\n    asyncGeneratorStep(gen, resolve, reject, _next, _throw, \"next\", value);\n  }\n  function _throw(err) {\n    asyncGeneratorStep(gen, resolve, reject, _next, _throw, \"throw\", err);\n  }\n  _next(undefined);\n});",
                  "err": {},
                  "uuid": "fc7dc34e-fb93-4a7c-b8b2-8020891be686",
                  "parentUUID": "1e908c9d-a776-4c47-9231-22365ac21dae",
                  "isHook": false,
                  "skipped": false
                }
              ],
              "suites": [],
              "passes": [
                "fc7dc34e-fb93-4a7c-b8b2-8020891be686"
              ],
              "failures": [],
              "pending": [],
              "skipped": [],
              "duration": 1001,
              "root": false,
              "rootEmpty": false,
              "_timeout": 5000
            },
            {
              "uuid": "ad884c9a-5e1b-4454-9b42-1f010121ead5",
              "title": "POST Test async",
              "fullFile": "E:\\Frameworks\\JS-API-Testing\\test\\posts.js",
              "file": "\\test\\posts.js",
              "beforeHooks": [],
              "afterHooks": [],
              "tests": [
                {
                  "title": "/posts",
                  "fullTitle": "POSTS  POST Test async /posts",
                  "timedOut": false,
                  "duration": 444,
                  "state": "passed",
                  "speed": "slow",
                  "pass": true,
                  "fail": false,
                  "pending": false,
                  "context": null,
                  "code": "var self = this,\n    args = arguments;\nreturn new Promise(function (resolve, reject) {\n  var gen = fn.apply(self, args);\n  function _next(value) {\n    asyncGeneratorStep(gen, resolve, reject, _next, _throw, \"next\", value);\n  }\n  function _throw(err) {\n    asyncGeneratorStep(gen, resolve, reject, _next, _throw, \"throw\", err);\n  }\n  _next(undefined);\n});",
                  "err": {},
                  "uuid": "d90994c8-893a-45d9-8ec5-d5012731ab31",
                  "parentUUID": "ad884c9a-5e1b-4454-9b42-1f010121ead5",
                  "isHook": false,
                  "skipped": false
                }
              ],
              "suites": [],
              "passes": [
                "d90994c8-893a-45d9-8ec5-d5012731ab31"
              ],
              "failures": [],
              "pending": [],
              "skipped": [],
              "duration": 444,
              "root": false,
              "rootEmpty": false,
              "_timeout": 5000
            },
            {
              "uuid": "6747768b-1899-4d40-9e91-77fcd4b4ec6a",
              "title": "GET POSTS DATA USING POST ID",
              "fullFile": "E:\\Frameworks\\JS-API-Testing\\test\\posts.js",
              "file": "\\test\\posts.js",
              "beforeHooks": [],
              "afterHooks": [],
              "tests": [
                {
                  "title": "GET /posts/:id",
                  "fullTitle": "POSTS  GET POSTS DATA USING POST ID GET /posts/:id",
                  "timedOut": false,
                  "duration": 405,
                  "state": "passed",
                  "speed": "slow",
                  "pass": true,
                  "fail": false,
                  "pending": false,
                  "context": null,
                  "code": "var self = this,\n    args = arguments;\nreturn new Promise(function (resolve, reject) {\n  var gen = fn.apply(self, args);\n  function _next(value) {\n    asyncGeneratorStep(gen, resolve, reject, _next, _throw, \"next\", value);\n  }\n  function _throw(err) {\n    asyncGeneratorStep(gen, resolve, reject, _next, _throw, \"throw\", err);\n  }\n  _next(undefined);\n});",
                  "err": {},
                  "uuid": "8c6afdae-d43d-47f3-a3ed-d4f2ff88a0ab",
                  "parentUUID": "6747768b-1899-4d40-9e91-77fcd4b4ec6a",
                  "isHook": false,
                  "skipped": false
                }
              ],
              "suites": [],
              "passes": [
                "8c6afdae-d43d-47f3-a3ed-d4f2ff88a0ab"
              ],
              "failures": [],
              "pending": [],
              "skipped": [],
              "duration": 405,
              "root": false,
              "rootEmpty": false,
              "_timeout": 5000
            }
          ],
          "passes": [],
          "failures": [],
          "pending": [],
          "skipped": [],
          "duration": 0,
          "root": false,
          "rootEmpty": false,
          "_timeout": 5000
        },
        {
          "uuid": "cefca313-3061-4a98-bf37-4745f1b3045d",
          "title": "Users crud",
          "fullFile": "E:\\Frameworks\\JS-API-Testing\\test\\users crud.js",
          "file": "\\test\\users crud.js",
          "beforeHooks": [],
          "afterHooks": [],
          "tests": [],
          "suites": [
            {
              "uuid": "4946c059-f863-422e-849c-c7113f071cfc",
              "title": "POST Test",
              "fullFile": "E:\\Frameworks\\JS-API-Testing\\test\\users crud.js",
              "file": "\\test\\users crud.js",
              "beforeHooks": [],
              "afterHooks": [],
              "tests": [
                {
                  "title": "users/",
                  "fullTitle": "Users crud POST Test users/",
                  "timedOut": false,
                  "duration": 432,
                  "state": "passed",
                  "speed": "slow",
                  "pass": true,
                  "fail": false,
                  "pending": false,
                  "context": null,
                  "code": "var requestBody = {\n  email: \"test-\".concat(Math.floor(Math.random() * 99999), \"@mail.au\"),\n  name: 'Test name',\n  gender: 'Male',\n  status: 'Inactive'\n};\nreturn _Import_common[\"default\"].post('users').set('Authorization', \"Bearer \".concat(Token)).send(requestBody).then(function (res) {\n  (0, _chai.expect)(res.body.data).to.deep.include(requestBody);\n  userId = res.body.data.id; //console.log(res.body.data);\n});",
                  "err": {},
                  "uuid": "0868e172-c9a9-44e0-a015-3a6a96e5e8e0",
                  "parentUUID": "4946c059-f863-422e-849c-c7113f071cfc",
                  "isHook": false,
                  "skipped": false
                }
              ],
              "suites": [],
              "passes": [
                "0868e172-c9a9-44e0-a015-3a6a96e5e8e0"
              ],
              "failures": [],
              "pending": [],
              "skipped": [],
              "duration": 432,
              "root": false,
              "rootEmpty": false,
              "_timeout": 5000
            },
            {
              "uuid": "68317f49-e4eb-4e7f-bf11-905fafb7203d",
              "title": "GET Test",
              "fullFile": "E:\\Frameworks\\JS-API-Testing\\test\\users crud.js",
              "file": "\\test\\users crud.js",
              "beforeHooks": [],
              "afterHooks": [],
              "tests": [
                {
                  "title": "GET /users/:id",
                  "fullTitle": "Users crud GET Test GET /users/:id",
                  "timedOut": false,
                  "duration": 398,
                  "state": "passed",
                  "speed": "slow",
                  "pass": true,
                  "fail": false,
                  "pending": false,
                  "context": null,
                  "code": "return _Import_common[\"default\"].get(\"users/\".concat(userId, \"?access-token=\").concat(Token)).then(function (res) {\n  //console.log(res.body);\n  (0, _chai.expect)(res.body.data).to.not.be.empty;\n  (0, _chai.expect)(res.body.data.id).to.be.eql(userId);\n});",
                  "err": {},
                  "uuid": "54600776-014e-444a-a228-377630850536",
                  "parentUUID": "68317f49-e4eb-4e7f-bf11-905fafb7203d",
                  "isHook": false,
                  "skipped": false
                }
              ],
              "suites": [],
              "passes": [
                "54600776-014e-444a-a228-377630850536"
              ],
              "failures": [],
              "pending": [],
              "skipped": [],
              "duration": 398,
              "root": false,
              "rootEmpty": false,
              "_timeout": 5000
            },
            {
              "uuid": "3e70f6e6-0b3c-45c5-9ba7-fd96cfee7de7",
              "title": "PUT Test",
              "fullFile": "E:\\Frameworks\\JS-API-Testing\\test\\users crud.js",
              "file": "\\test\\users crud.js",
              "beforeHooks": [],
              "afterHooks": [],
              "tests": [
                {
                  "title": "PUT /users/:id",
                  "fullTitle": "Users crud PUT Test PUT /users/:id",
                  "timedOut": false,
                  "duration": 413,
                  "state": "passed",
                  "speed": "slow",
                  "pass": true,
                  "fail": false,
                  "pending": false,
                  "context": null,
                  "code": "var data = {\n  status: 'Active',\n  name: \"Luffy - \".concat(Math.floor(Math.random() * 9999))\n};\nreturn _Import_common[\"default\"].put(\"users/\".concat(userId)).set('Authorization', \"Bearer \".concat(Token)).send(data).then(function (res) {\n  //console.log(res.body);\n  (0, _chai.expect)(res.body.data).to.deep.include(data);\n});",
                  "err": {},
                  "uuid": "55690d73-75a5-4e25-a2f7-69ff2b23c73b",
                  "parentUUID": "3e70f6e6-0b3c-45c5-9ba7-fd96cfee7de7",
                  "isHook": false,
                  "skipped": false
                }
              ],
              "suites": [],
              "passes": [
                "55690d73-75a5-4e25-a2f7-69ff2b23c73b"
              ],
              "failures": [],
              "pending": [],
              "skipped": [],
              "duration": 413,
              "root": false,
              "rootEmpty": false,
              "_timeout": 5000
            },
            {
              "uuid": "5adf04db-5d93-4f13-9005-4bbf76948c32",
              "title": "Delete Test",
              "fullFile": "E:\\Frameworks\\JS-API-Testing\\test\\users crud.js",
              "file": "\\test\\users crud.js",
              "beforeHooks": [],
              "afterHooks": [],
              "tests": [
                {
                  "title": "DELETE /users/:id",
                  "fullTitle": "Users crud Delete Test DELETE /users/:id",
                  "timedOut": false,
                  "duration": 431,
                  "state": "passed",
                  "speed": "slow",
                  "pass": true,
                  "fail": false,
                  "pending": false,
                  "context": null,
                  "code": "return _Import_common[\"default\"][\"delete\"](\"users/\".concat(userId)).set('Authorization', \"Bearer \".concat(Token)).then(function (res) {\n  //console.log(res.body);\n  (0, _chai.expect)(res.body.data).to.be.eq(null);\n});",
                  "err": {},
                  "uuid": "1b15125f-af02-44f7-b48f-0fb14ea58d99",
                  "parentUUID": "5adf04db-5d93-4f13-9005-4bbf76948c32",
                  "isHook": false,
                  "skipped": false
                }
              ],
              "suites": [],
              "passes": [
                "1b15125f-af02-44f7-b48f-0fb14ea58d99"
              ],
              "failures": [],
              "pending": [],
              "skipped": [],
              "duration": 431,
              "root": false,
              "rootEmpty": false,
              "_timeout": 5000
            }
          ],
          "passes": [],
          "failures": [],
          "pending": [],
          "skipped": [],
          "duration": 0,
          "root": false,
          "rootEmpty": false,
          "_timeout": 5000
        },
        {
          "uuid": "dfa52974-e511-4b14-afb6-23698b1f997f",
          "title": "Users",
          "fullFile": "E:\\Frameworks\\JS-API-Testing\\test\\users.js",
          "file": "\\test\\users.js",
          "beforeHooks": [],
          "afterHooks": [],
          "tests": [
            {
              "title": "GET /users",
              "fullTitle": "Users GET /users",
              "timedOut": false,
              "duration": 412,
              "state": "passed",
              "speed": "slow",
              "pass": true,
              "fail": false,
              "pending": false,
              "context": null,
              "code": "_Import_common[\"default\"].get(\"users?access-token=\".concat(Token)).end(function (_err, res) {\n  //console.log(res.err); //onsole.log(res.body);\n  (0, _chai.expect)(res.body.data).to.not.be.empty;\n  done();\n});",
              "err": {},
              "uuid": "4d78e8b2-cbcf-4ffb-8085-02e90539f929",
              "parentUUID": "dfa52974-e511-4b14-afb6-23698b1f997f",
              "isHook": false,
              "skipped": false
            },
            {
              "title": "GET /users async",
              "fullTitle": "Users GET /users async",
              "timedOut": false,
              "duration": 424,
              "state": "passed",
              "speed": "slow",
              "pass": true,
              "fail": false,
              "pending": false,
              "context": null,
              "code": "return _Import_common[\"default\"].get(\"users?access-token=\".concat(Token)).then(function (res) {\n  // console.log(res.body);\n  (0, _chai.expect)(res.statusCode).to.be.eq(200);\n  (0, _chai.expect)(res.body.data).to.not.be.empty;\n});",
              "err": {},
              "uuid": "e4a4c2cc-ed5c-4990-b72c-cd516f329c56",
              "parentUUID": "dfa52974-e511-4b14-afb6-23698b1f997f",
              "isHook": false,
              "skipped": false
            },
            {
              "title": "GET /users/:id",
              "fullTitle": "Users GET /users/:id",
              "timedOut": false,
              "duration": 408,
              "state": "passed",
              "speed": "slow",
              "pass": true,
              "fail": false,
              "pending": false,
              "context": null,
              "code": "return _Import_common[\"default\"].get(\"users/1?access-token=\".concat(Token)).then(function (res) {\n  //console.log(res.body);\n  (0, _chai.expect)(res.body.data).to.not.be.empty;\n  (0, _chai.expect)(res.body.data.id).to.be.eql(1);\n});",
              "err": {},
              "uuid": "fcd0a499-a722-49a1-b866-262707a8f087",
              "parentUUID": "dfa52974-e511-4b14-afb6-23698b1f997f",
              "isHook": false,
              "skipped": false
            },
            {
              "title": "GET /users/with query param ",
              "fullTitle": "Users GET /users/with query param ",
              "timedOut": false,
              "duration": 414,
              "state": "passed",
              "speed": "slow",
              "pass": true,
              "fail": false,
              "pending": false,
              "context": null,
              "code": "var urlquery = \"users?access-token=\".concat(Token, \"&page=5&gender=Female&status=Active\");\nreturn _Import_common[\"default\"].get(urlquery).then(function (res) {\n  //console.log(res.body);\n  (0, _chai.expect)(res.body.data).to.not.be.empty;\n  res.body.data.forEach(function (data) {\n    (0, _chai.expect)(data.gender).to.eq('Female');\n    (0, _chai.expect)(data.status).to.eq('Active');\n  });\n});",
              "err": {},
              "uuid": "6ebf2ae8-3468-4f19-9293-85407504c619",
              "parentUUID": "dfa52974-e511-4b14-afb6-23698b1f997f",
              "isHook": false,
              "skipped": false
            },
            {
              "title": "POST /users/",
              "fullTitle": "Users POST /users/",
              "timedOut": false,
              "duration": 448,
              "state": "passed",
              "speed": "slow",
              "pass": true,
              "fail": false,
              "pending": false,
              "context": null,
              "code": "var requestBody = {\n  email: \"test-\".concat(Math.floor(Math.random() * 99999), \"@mail.au\"),\n  name: 'Test name',\n  gender: 'Male',\n  status: 'Inactive'\n};\nreturn _Import_common[\"default\"].post('users').set('Authorization', \"Bearer \".concat(Token)).send(requestBody).then(function (res) {\n  //console.log(res.body);\n  //console.log(res.status);\n  //console.log(res.statusCode);              \n  //expect(res.).to.be.eq(201);\n  //expect(res.body.data).email.to.eq(requestBody.email);\n  (0, _chai.expect)(res.body.data).to.deep.include(requestBody);\n});",
              "err": {},
              "uuid": "91b3d7b0-a279-41d2-8424-2d8face2a42b",
              "parentUUID": "dfa52974-e511-4b14-afb6-23698b1f997f",
              "isHook": false,
              "skipped": false
            },
            {
              "title": "PUT /users/:id",
              "fullTitle": "Users PUT /users/:id",
              "timedOut": false,
              "duration": 519,
              "state": "passed",
              "speed": "slow",
              "pass": true,
              "fail": false,
              "pending": false,
              "context": null,
              "code": "var data = {\n  status: 'Active',\n  name: \"Luffy - \".concat(Math.floor(Math.random() * 9999))\n};\nreturn _Import_common[\"default\"].put('users/132').set('Authorization', \"Bearer \".concat(Token)).send(data).then(function (res) {\n  console.log(res.body);\n  (0, _chai.expect)(res.body.data).to.deep.include(data);\n});",
              "err": {},
              "uuid": "34d46fe7-c2b2-4ce2-a504-4cd721a4c267",
              "parentUUID": "dfa52974-e511-4b14-afb6-23698b1f997f",
              "isHook": false,
              "skipped": false
            },
            {
              "title": "DELETE /users/:id",
              "fullTitle": "Users DELETE /users/:id",
              "timedOut": false,
              "duration": 461,
              "state": "failed",
              "speed": null,
              "pass": false,
              "fail": true,
              "pending": false,
              "context": null,
              "code": "return _Import_common[\"default\"][\"delete\"]('users/21').set('Authorization', \"Bearer \".concat(Token)).then(function (res) {\n  console.log(res.body);\n  (0, _chai.expect)(res.body.data).to.be.eq(null);\n});",
              "err": {
                "message": "AssertionError: expected { message: 'Resource not found' } to equal null",
                "estack": "AssertionError: expected { message: 'Resource not found' } to equal null\n    at E:\\Frameworks\\JS-API-Testing\\test\\/users.js:79:41\n    at processTicksAndRejections (internal/process/task_queues.js:86:5)",
                "diff": null
              },
              "uuid": "060cad0f-6818-4d90-aefd-b06599910188",
              "parentUUID": "dfa52974-e511-4b14-afb6-23698b1f997f",
              "isHook": false,
              "skipped": false
            }
          ],
          "suites": [],
          "passes": [
            "4d78e8b2-cbcf-4ffb-8085-02e90539f929",
            "e4a4c2cc-ed5c-4990-b72c-cd516f329c56",
            "fcd0a499-a722-49a1-b866-262707a8f087",
            "6ebf2ae8-3468-4f19-9293-85407504c619",
            "91b3d7b0-a279-41d2-8424-2d8face2a42b",
            "34d46fe7-c2b2-4ce2-a504-4cd721a4c267"
          ],
          "failures": [
            "060cad0f-6818-4d90-aefd-b06599910188"
          ],
          "pending": [],
          "skipped": [],
          "duration": 3086,
          "root": false,
          "rootEmpty": false,
          "_timeout": 5000
        }
      ],
      "passes": [],
      "failures": [],
      "pending": [],
      "skipped": [],
      "duration": 0,
      "root": true,
      "rootEmpty": true,
      "_timeout": 5000
    }
  ],
  "meta": {
    "mocha": {
      "version": "8.4.0"
    },
    "mochawesome": {
      "options": {
        "quiet": false,
        "reportFilename": "mochawesome",
        "saveHtml": true,
        "saveJson": true,
        "consoleReporter": "spec",
        "useInlineDiffs": false,
        "code": true
      },
      "version": "6.2.2"
    },
    "marge": {
      "options": null,
      "version": "5.2.0"
    }
  }
}